android/app/build/intermediates/manifest_merge_blame_file/debug/manifest-merger-blame-debug-report.txt
1<?xml version="1.0" encoding="utf-8"?>
2<manifest xmlns:android="http://schemas.android.com/apk/res/android"
3    package="com.onesignaldemo"
4    android:versionCode="1"
5    android:versionName="1.0" >
6
7    <uses-sdk
8        android:minSdkVersion="21"
9        android:targetSdkVersion="30" />
10
11    <uses-permission android:name="android.permission.SYSTEM_ALERT_WINDOW" />
11-->src/debug/AndroidManifest.xml:5:5-77
11-->src/debug/AndroidManifest.xml:5:22-75
12    <uses-permission android:name="android.permission.INTERNET" />
12-->src/main/AndroidManifest.xml:4:5-67
12-->src/main/AndroidManifest.xml:4:22-64
13    <uses-permission android:name="android.permission.ACCESS_WIFI_STATE" /> <!-- Create a unique permission for your app and use it so only your app can receive your OneSignal messages. -->
13-->[com.facebook.flipper:flipper:0.93.0] AndroidManifest.xml:16:5-76
13-->[com.facebook.flipper:flipper:0.93.0] AndroidManifest.xml:16:22-73
14    <permission
14-->[com.onesignal:OneSignal:4.6.0] AndroidManifest.xml:7:5-9:47
15        android:name="com.onesignaldemo.permission.C2D_MESSAGE"
15-->[com.onesignal:OneSignal:4.6.0] AndroidManifest.xml:8:9-63
16        android:protectionLevel="signature" />
16-->[com.onesignal:OneSignal:4.6.0] AndroidManifest.xml:9:9-44
17
18    <uses-permission android:name="com.onesignaldemo.permission.C2D_MESSAGE" /> <!-- c2dm RECEIVE are basic requirements for push messages through Google's FCM -->
18-->[com.onesignal:OneSignal:4.6.0] AndroidManifest.xml:11:5-79
18-->[com.onesignal:OneSignal:4.6.0] AndroidManifest.xml:11:22-76
19    <uses-permission android:name="com.google.android.c2dm.permission.RECEIVE" /> <!-- Required, makes sure notifications are delivered on time. -->
19-->[com.onesignal:OneSignal:4.6.0] AndroidManifest.xml:17:5-82
19-->[com.onesignal:OneSignal:4.6.0] AndroidManifest.xml:17:22-79
20    <uses-permission android:name="android.permission.WAKE_LOCK" />
20-->[com.onesignal:OneSignal:4.6.0] AndroidManifest.xml:18:5-68
20-->[com.onesignal:OneSignal:4.6.0] AndroidManifest.xml:18:22-65
21    <!--
22 Required so the device vibrates on receiving a push notification.
23         Vibration settings of the device still apply.
24    -->
25    <uses-permission android:name="android.permission.VIBRATE" />
25-->[com.onesignal:OneSignal:4.6.0] AndroidManifest.xml:23:5-66
25-->[com.onesignal:OneSignal:4.6.0] AndroidManifest.xml:23:22-63
26    <uses-permission android:name="android.permission.ACCESS_NETWORK_STATE" />
26-->[com.onesignal:OneSignal:4.6.0] AndroidManifest.xml:24:5-79
26-->[com.onesignal:OneSignal:4.6.0] AndroidManifest.xml:24:22-76
27    <!--
28 Use to restore notifications the user hasn't interacted with.
29         They could be missed notifications if the user reboots their device if this isn't in place.
30    -->
31    <uses-permission android:name="android.permission.RECEIVE_BOOT_COMPLETED" /> <!-- START: ShortcutBadger -->
31-->[com.onesignal:OneSignal:4.6.0] AndroidManifest.xml:29:5-81
31-->[com.onesignal:OneSignal:4.6.0] AndroidManifest.xml:29:22-78
32    <!-- Samsung -->
33    <uses-permission android:name="com.sec.android.provider.badge.permission.READ" />
33-->[com.onesignal:OneSignal:4.6.0] AndroidManifest.xml:31:5-86
33-->[com.onesignal:OneSignal:4.6.0] AndroidManifest.xml:31:22-83
34    <uses-permission android:name="com.sec.android.provider.badge.permission.WRITE" /> <!-- HTC -->
34-->[com.onesignal:OneSignal:4.6.0] AndroidManifest.xml:32:5-87
34-->[com.onesignal:OneSignal:4.6.0] AndroidManifest.xml:32:22-84
35    <uses-permission android:name="com.htc.launcher.permission.READ_SETTINGS" />
35-->[com.onesignal:OneSignal:4.6.0] AndroidManifest.xml:33:5-81
35-->[com.onesignal:OneSignal:4.6.0] AndroidManifest.xml:33:22-78
36    <uses-permission android:name="com.htc.launcher.permission.UPDATE_SHORTCUT" /> <!-- Sony -->
36-->[com.onesignal:OneSignal:4.6.0] AndroidManifest.xml:34:5-83
36-->[com.onesignal:OneSignal:4.6.0] AndroidManifest.xml:34:22-80
37    <uses-permission android:name="com.sonyericsson.home.permission.BROADCAST_BADGE" />
37-->[com.onesignal:OneSignal:4.6.0] AndroidManifest.xml:35:5-88
37-->[com.onesignal:OneSignal:4.6.0] AndroidManifest.xml:35:22-85
38    <uses-permission android:name="com.sonymobile.home.permission.PROVIDER_INSERT_BADGE" /> <!-- Apex -->
38-->[com.onesignal:OneSignal:4.6.0] AndroidManifest.xml:36:5-92
38-->[com.onesignal:OneSignal:4.6.0] AndroidManifest.xml:36:22-89
39    <uses-permission android:name="com.anddoes.launcher.permission.UPDATE_COUNT" /> <!-- Solid -->
39-->[com.onesignal:OneSignal:4.6.0] AndroidManifest.xml:37:5-84
39-->[com.onesignal:OneSignal:4.6.0] AndroidManifest.xml:37:22-81
40    <uses-permission android:name="com.majeur.launcher.permission.UPDATE_BADGE" /> <!-- Huawei -->
40-->[com.onesignal:OneSignal:4.6.0] AndroidManifest.xml:38:5-83
40-->[com.onesignal:OneSignal:4.6.0] AndroidManifest.xml:38:22-80
41    <uses-permission android:name="com.huawei.android.launcher.permission.CHANGE_BADGE" />
41-->[com.onesignal:OneSignal:4.6.0] AndroidManifest.xml:39:5-91
41-->[com.onesignal:OneSignal:4.6.0] AndroidManifest.xml:39:22-88
42    <uses-permission android:name="com.huawei.android.launcher.permission.READ_SETTINGS" />
42-->[com.onesignal:OneSignal:4.6.0] AndroidManifest.xml:40:5-92
42-->[com.onesignal:OneSignal:4.6.0] AndroidManifest.xml:40:22-89
43    <uses-permission android:name="com.huawei.android.launcher.permission.WRITE_SETTINGS" /> <!-- ZUK -->
43-->[com.onesignal:OneSignal:4.6.0] AndroidManifest.xml:41:5-93
43-->[com.onesignal:OneSignal:4.6.0] AndroidManifest.xml:41:22-90
44    <uses-permission android:name="android.permission.READ_APP_BADGE" /> <!-- OPPO -->
44-->[com.onesignal:OneSignal:4.6.0] AndroidManifest.xml:42:5-73
44-->[com.onesignal:OneSignal:4.6.0] AndroidManifest.xml:42:22-70
45    <uses-permission android:name="com.oppo.launcher.permission.READ_SETTINGS" />
45-->[com.onesignal:OneSignal:4.6.0] AndroidManifest.xml:43:5-82
45-->[com.onesignal:OneSignal:4.6.0] AndroidManifest.xml:43:22-79
46    <uses-permission android:name="com.oppo.launcher.permission.WRITE_SETTINGS" /> <!-- EvMe -->
46-->[com.onesignal:OneSignal:4.6.0] AndroidManifest.xml:44:5-83
46-->[com.onesignal:OneSignal:4.6.0] AndroidManifest.xml:44:22-80
47    <uses-permission android:name="me.everything.badger.permission.BADGE_COUNT_READ" />
47-->[com.onesignal:OneSignal:4.6.0] AndroidManifest.xml:45:5-88
47-->[com.onesignal:OneSignal:4.6.0] AndroidManifest.xml:45:22-85
48    <uses-permission android:name="me.everything.badger.permission.BADGE_COUNT_WRITE" />
48-->[com.onesignal:OneSignal:4.6.0] AndroidManifest.xml:46:5-89
48-->[com.onesignal:OneSignal:4.6.0] AndroidManifest.xml:46:22-86
49    <uses-permission android:name="android.permission.FOREGROUND_SERVICE" />
49-->[androidx.work:work-runtime:2.5.0] AndroidManifest.xml:28:5-77
49-->[androidx.work:work-runtime:2.5.0] AndroidManifest.xml:28:22-74
50
51    <application
51-->src/main/AndroidManifest.xml:6:5-24:19
52        android:name="com.onesignaldemo.MainApplication"
52-->src/main/AndroidManifest.xml:7:7-38
53        android:allowBackup="false"
53-->src/main/AndroidManifest.xml:11:7-34
54        android:appComponentFactory="androidx.core.app.CoreComponentFactory"
54-->[androidx.core:core:1.2.0] AndroidManifest.xml:24:18-86
55        android:debuggable="true"
56        android:icon="@mipmap/ic_launcher"
56-->src/main/AndroidManifest.xml:9:7-41
57        android:label="@string/app_name"
57-->src/main/AndroidManifest.xml:8:7-39
58        android:roundIcon="@mipmap/ic_launcher_round"
58-->src/main/AndroidManifest.xml:10:7-52
59        android:theme="@style/AppTheme"
59-->src/main/AndroidManifest.xml:12:7-38
60        android:usesCleartextTraffic="true" >
60-->src/debug/AndroidManifest.xml:8:9-44
61        <activity android:name="com.facebook.react.devsupport.DevSettingsActivity" />
61-->src/debug/AndroidManifest.xml:11:9-86
61-->src/debug/AndroidManifest.xml:11:19-83
62        <activity
62-->src/main/AndroidManifest.xml:13:7-23:18
63            android:name="com.onesignaldemo.MainActivity"
63-->src/main/AndroidManifest.xml:14:9-37
64            android:configChanges="keyboard|keyboardHidden|orientation|screenSize|uiMode"
64-->src/main/AndroidManifest.xml:16:9-86
65            android:label="@string/app_name"
65-->src/main/AndroidManifest.xml:15:9-41
66            android:launchMode="singleTask"
66-->src/main/AndroidManifest.xml:17:9-40
67            android:windowSoftInputMode="adjustResize" >
67-->src/main/AndroidManifest.xml:18:9-51
68            <intent-filter>
68-->src/main/AndroidManifest.xml:19:9-22:25
69                <action android:name="android.intent.action.MAIN" />
69-->src/main/AndroidManifest.xml:20:13-65
69-->src/main/AndroidManifest.xml:20:21-62
70
71                <category android:name="android.intent.category.LAUNCHER" />
71-->src/main/AndroidManifest.xml:21:13-73
71-->src/main/AndroidManifest.xml:21:23-70
72            </intent-filter>
73        </activity>
74
75        <receiver
75-->[com.onesignal:OneSignal:4.6.0] AndroidManifest.xml:49:9-60:20
76            android:name="com.onesignal.FCMBroadcastReceiver"
76-->[com.onesignal:OneSignal:4.6.0] AndroidManifest.xml:50:13-62
77            android:exported="true"
77-->[com.onesignal:OneSignal:4.6.0] AndroidManifest.xml:51:13-36
78            android:permission="com.google.android.c2dm.permission.SEND" >
78-->[com.onesignal:OneSignal:4.6.0] AndroidManifest.xml:52:13-73
79
80            <!-- High priority so OneSignal payloads can be filtered from other FCM receivers -->
81            <intent-filter android:priority="999" >
81-->[com.onesignal:OneSignal:4.6.0] AndroidManifest.xml:55:13-59:29
81-->[com.onesignal:OneSignal:4.6.0] AndroidManifest.xml:55:28-50
82                <action android:name="com.google.android.c2dm.intent.RECEIVE" />
82-->[com.onesignal:OneSignal:4.6.0] AndroidManifest.xml:56:17-81
82-->[com.onesignal:OneSignal:4.6.0] AndroidManifest.xml:56:25-78
83
84                <category android:name="com.onesignaldemo" />
84-->[com.onesignal:OneSignal:4.6.0] AndroidManifest.xml:58:17-61
84-->[com.onesignal:OneSignal:4.6.0] AndroidManifest.xml:58:27-58
85            </intent-filter>
86        </receiver>
87
88        <service
88-->[com.onesignal:OneSignal:4.6.0] AndroidManifest.xml:62:9-68:19
89            android:name="com.onesignal.HmsMessageServiceOneSignal"
89-->[com.onesignal:OneSignal:4.6.0] AndroidManifest.xml:63:13-68
90            android:exported="false" >
90-->[com.onesignal:OneSignal:4.6.0] AndroidManifest.xml:64:13-37
91            <intent-filter>
91-->[com.onesignal:OneSignal:4.6.0] AndroidManifest.xml:65:13-67:29
92                <action android:name="com.huawei.push.action.MESSAGING_EVENT" />
92-->[com.onesignal:OneSignal:4.6.0] AndroidManifest.xml:66:17-81
92-->[com.onesignal:OneSignal:4.6.0] AndroidManifest.xml:66:25-78
93            </intent-filter>
94        </service>
95
96        <activity
96-->[com.onesignal:OneSignal:4.6.0] AndroidManifest.xml:70:9-78:20
97            android:name="com.onesignal.NotificationOpenedActivityHMS"
97-->[com.onesignal:OneSignal:4.6.0] AndroidManifest.xml:71:13-71
98            android:exported="true"
98-->[com.onesignal:OneSignal:4.6.0] AndroidManifest.xml:72:13-36
99            android:noHistory="true"
99-->[com.onesignal:OneSignal:4.6.0] AndroidManifest.xml:73:13-37
100            android:theme="@android:style/Theme.Translucent.NoTitleBar" >
100-->[com.onesignal:OneSignal:4.6.0] AndroidManifest.xml:74:13-72
101            <intent-filter>
101-->[com.onesignal:OneSignal:4.6.0] AndroidManifest.xml:75:13-77:29
102                <action android:name="android.intent.action.VIEW" />
102-->[com.onesignal:OneSignal:4.6.0] AndroidManifest.xml:76:17-69
102-->[com.onesignal:OneSignal:4.6.0] AndroidManifest.xml:76:25-66
103            </intent-filter>
104        </activity>
105
106        <service
106-->[com.onesignal:OneSignal:4.6.0] AndroidManifest.xml:80:9-82:40
107            android:name="com.onesignal.FCMIntentService"
107-->[com.onesignal:OneSignal:4.6.0] AndroidManifest.xml:81:13-58
108            android:exported="false" />
108-->[com.onesignal:OneSignal:4.6.0] AndroidManifest.xml:82:13-37
109        <service
109-->[com.onesignal:OneSignal:4.6.0] AndroidManifest.xml:83:9-86:72
110            android:name="com.onesignal.FCMIntentJobService"
110-->[com.onesignal:OneSignal:4.6.0] AndroidManifest.xml:84:13-61
111            android:exported="false"
111-->[com.onesignal:OneSignal:4.6.0] AndroidManifest.xml:85:13-37
112            android:permission="android.permission.BIND_JOB_SERVICE" />
112-->[com.onesignal:OneSignal:4.6.0] AndroidManifest.xml:86:13-69
113        <service
113-->[com.onesignal:OneSignal:4.6.0] AndroidManifest.xml:87:9-90:43
114            android:name="com.onesignal.FocusDelaySyncService"
114-->[com.onesignal:OneSignal:4.6.0] AndroidManifest.xml:88:13-63
115            android:exported="false"
115-->[com.onesignal:OneSignal:4.6.0] AndroidManifest.xml:89:13-37
116            android:stopWithTask="true" />
116-->[com.onesignal:OneSignal:4.6.0] AndroidManifest.xml:90:13-40
117        <service
117-->[com.onesignal:OneSignal:4.6.0] AndroidManifest.xml:91:9-94:72
118            android:name="com.onesignal.FocusDelaySyncJobService"
118-->[com.onesignal:OneSignal:4.6.0] AndroidManifest.xml:92:13-66
119            android:exported="false"
119-->[com.onesignal:OneSignal:4.6.0] AndroidManifest.xml:93:13-37
120            android:permission="android.permission.BIND_JOB_SERVICE" />
120-->[com.onesignal:OneSignal:4.6.0] AndroidManifest.xml:94:13-69
121        <service
121-->[com.onesignal:OneSignal:4.6.0] AndroidManifest.xml:95:9-98:43
122            android:name="com.onesignal.SyncService"
122-->[com.onesignal:OneSignal:4.6.0] AndroidManifest.xml:96:13-53
123            android:exported="false"
123-->[com.onesignal:OneSignal:4.6.0] AndroidManifest.xml:97:13-37
124            android:stopWithTask="true" />
124-->[com.onesignal:OneSignal:4.6.0] AndroidManifest.xml:98:13-40
125        <service
125-->[com.onesignal:OneSignal:4.6.0] AndroidManifest.xml:99:9-102:72
126            android:name="com.onesignal.SyncJobService"
126-->[com.onesignal:OneSignal:4.6.0] AndroidManifest.xml:100:13-56
127            android:exported="false"
127-->[com.onesignal:OneSignal:4.6.0] AndroidManifest.xml:101:13-37
128            android:permission="android.permission.BIND_JOB_SERVICE" />
128-->[com.onesignal:OneSignal:4.6.0] AndroidManifest.xml:102:13-69
129
130        <activity
130-->[com.onesignal:OneSignal:4.6.0] AndroidManifest.xml:104:9-107:75
131            android:name="com.onesignal.PermissionsActivity"
131-->[com.onesignal:OneSignal:4.6.0] AndroidManifest.xml:105:13-61
132            android:exported="false"
132-->[com.onesignal:OneSignal:4.6.0] AndroidManifest.xml:106:13-37
133            android:theme="@android:style/Theme.Translucent.NoTitleBar" />
133-->[com.onesignal:OneSignal:4.6.0] AndroidManifest.xml:107:13-72
134
135        <receiver
135-->[com.onesignal:OneSignal:4.6.0] AndroidManifest.xml:109:9-111:39
136            android:name="com.onesignal.NotificationDismissReceiver"
136-->[com.onesignal:OneSignal:4.6.0] AndroidManifest.xml:110:13-69
137            android:exported="true" />
137-->[com.onesignal:OneSignal:4.6.0] AndroidManifest.xml:111:13-36
138        <receiver
138-->[com.onesignal:OneSignal:4.6.0] AndroidManifest.xml:112:9-119:20
139            android:name="com.onesignal.BootUpReceiver"
139-->[com.onesignal:OneSignal:4.6.0] AndroidManifest.xml:113:13-56
140            android:exported="true" >
140-->[com.onesignal:OneSignal:4.6.0] AndroidManifest.xml:114:13-36
141            <intent-filter>
141-->[com.onesignal:OneSignal:4.6.0] AndroidManifest.xml:115:13-118:29
142                <action android:name="android.intent.action.BOOT_COMPLETED" />
142-->[com.onesignal:OneSignal:4.6.0] AndroidManifest.xml:116:17-79
142-->[com.onesignal:OneSignal:4.6.0] AndroidManifest.xml:116:25-76
143                <action android:name="android.intent.action.QUICKBOOT_POWERON" />
143-->[com.onesignal:OneSignal:4.6.0] AndroidManifest.xml:117:17-82
143-->[com.onesignal:OneSignal:4.6.0] AndroidManifest.xml:117:25-79
144            </intent-filter>
145        </receiver>
146        <receiver
146-->[com.onesignal:OneSignal:4.6.0] AndroidManifest.xml:120:9-126:20
147            android:name="com.onesignal.UpgradeReceiver"
147-->[com.onesignal:OneSignal:4.6.0] AndroidManifest.xml:121:13-57
148            android:exported="true" >
148-->[com.onesignal:OneSignal:4.6.0] AndroidManifest.xml:122:13-36
149            <intent-filter>
149-->[com.onesignal:OneSignal:4.6.0] AndroidManifest.xml:123:13-125:29
150                <action android:name="android.intent.action.MY_PACKAGE_REPLACED" />
150-->[com.onesignal:OneSignal:4.6.0] AndroidManifest.xml:124:17-84
150-->[com.onesignal:OneSignal:4.6.0] AndroidManifest.xml:124:25-81
151            </intent-filter>
152        </receiver>
153
154        <activity
154-->[com.onesignal:OneSignal:4.6.0] AndroidManifest.xml:128:9-133:75
155            android:name="com.onesignal.NotificationOpenedReceiver"
155-->[com.onesignal:OneSignal:4.6.0] AndroidManifest.xml:129:13-68
156            android:excludeFromRecents="true"
156-->[com.onesignal:OneSignal:4.6.0] AndroidManifest.xml:130:13-46
157            android:exported="true"
157-->[com.onesignal:OneSignal:4.6.0] AndroidManifest.xml:131:13-36
158            android:noHistory="true"
158-->[com.onesignal:OneSignal:4.6.0] AndroidManifest.xml:132:13-37
159            android:theme="@android:style/Theme.Translucent.NoTitleBar" />
159-->[com.onesignal:OneSignal:4.6.0] AndroidManifest.xml:133:13-72
160
161        <provider
161-->[androidx.work:work-runtime:2.5.0] AndroidManifest.xml:31:9-37:35
162            android:name="androidx.work.impl.WorkManagerInitializer"
162-->[androidx.work:work-runtime:2.5.0] AndroidManifest.xml:32:13-69
163            android:authorities="com.onesignaldemo.workmanager-init"
163-->[androidx.work:work-runtime:2.5.0] AndroidManifest.xml:33:13-68
164            android:directBootAware="false"
164-->[androidx.work:work-runtime:2.5.0] AndroidManifest.xml:34:13-44
165            android:exported="false"
165-->[androidx.work:work-runtime:2.5.0] AndroidManifest.xml:35:13-37
166            android:multiprocess="true" />
166-->[androidx.work:work-runtime:2.5.0] AndroidManifest.xml:36:13-40
167
168        <service
168-->[androidx.work:work-runtime:2.5.0] AndroidManifest.xml:39:9-44:35
169            android:name="androidx.work.impl.background.systemalarm.SystemAlarmService"
169-->[androidx.work:work-runtime:2.5.0] AndroidManifest.xml:40:13-88
170            android:directBootAware="false"
170-->[androidx.work:work-runtime:2.5.0] AndroidManifest.xml:41:13-44
171            android:enabled="@bool/enable_system_alarm_service_default"
171-->[androidx.work:work-runtime:2.5.0] AndroidManifest.xml:42:13-72
172            android:exported="false" />
172-->[androidx.work:work-runtime:2.5.0] AndroidManifest.xml:43:13-37
173        <service
173-->[androidx.work:work-runtime:2.5.0] AndroidManifest.xml:45:9-51:35
174            android:name="androidx.work.impl.background.systemjob.SystemJobService"
174-->[androidx.work:work-runtime:2.5.0] AndroidManifest.xml:46:13-84
175            android:directBootAware="false"
175-->[androidx.work:work-runtime:2.5.0] AndroidManifest.xml:47:13-44
176            android:enabled="@bool/enable_system_job_service_default"
176-->[androidx.work:work-runtime:2.5.0] AndroidManifest.xml:48:13-70
177            android:exported="true"
177-->[androidx.work:work-runtime:2.5.0] AndroidManifest.xml:49:13-36
178            android:permission="android.permission.BIND_JOB_SERVICE" />
178-->[androidx.work:work-runtime:2.5.0] AndroidManifest.xml:50:13-69
179        <service
179-->[androidx.work:work-runtime:2.5.0] AndroidManifest.xml:52:9-57:35
180            android:name="androidx.work.impl.foreground.SystemForegroundService"
180-->[androidx.work:work-runtime:2.5.0] AndroidManifest.xml:53:13-81
181            android:directBootAware="false"
181-->[androidx.work:work-runtime:2.5.0] AndroidManifest.xml:54:13-44
182            android:enabled="@bool/enable_system_foreground_service_default"
182-->[androidx.work:work-runtime:2.5.0] AndroidManifest.xml:55:13-77
183            android:exported="false" />
183-->[androidx.work:work-runtime:2.5.0] AndroidManifest.xml:56:13-37
184
185        <receiver
185-->[androidx.work:work-runtime:2.5.0] AndroidManifest.xml:59:9-64:35
186            android:name="androidx.work.impl.utils.ForceStopRunnable$BroadcastReceiver"
186-->[androidx.work:work-runtime:2.5.0] AndroidManifest.xml:60:13-88
187            android:directBootAware="false"
187-->[androidx.work:work-runtime:2.5.0] AndroidManifest.xml:61:13-44
188            android:enabled="true"
188-->[androidx.work:work-runtime:2.5.0] AndroidManifest.xml:62:13-35
189            android:exported="false" />
189-->[androidx.work:work-runtime:2.5.0] AndroidManifest.xml:63:13-37
190        <receiver
190-->[androidx.work:work-runtime:2.5.0] AndroidManifest.xml:65:9-75:20
191            android:name="androidx.work.impl.background.systemalarm.ConstraintProxy$BatteryChargingProxy"
191-->[androidx.work:work-runtime:2.5.0] AndroidManifest.xml:66:13-106
192            android:directBootAware="false"
192-->[androidx.work:work-runtime:2.5.0] AndroidManifest.xml:67:13-44
193            android:enabled="false"
193-->[androidx.work:work-runtime:2.5.0] AndroidManifest.xml:68:13-36
194            android:exported="false" >
194-->[androidx.work:work-runtime:2.5.0] AndroidManifest.xml:69:13-37
195            <intent-filter>
195-->[androidx.work:work-runtime:2.5.0] AndroidManifest.xml:71:13-74:29
196                <action android:name="android.intent.action.ACTION_POWER_CONNECTED" />
196-->[androidx.work:work-runtime:2.5.0] AndroidManifest.xml:72:17-87
196-->[androidx.work:work-runtime:2.5.0] AndroidManifest.xml:72:25-84
197                <action android:name="android.intent.action.ACTION_POWER_DISCONNECTED" />
197-->[androidx.work:work-runtime:2.5.0] AndroidManifest.xml:73:17-90
197-->[androidx.work:work-runtime:2.5.0] AndroidManifest.xml:73:25-87
198            </intent-filter>
199        </receiver>
200        <receiver
200-->[androidx.work:work-runtime:2.5.0] AndroidManifest.xml:76:9-86:20
201            android:name="androidx.work.impl.background.systemalarm.ConstraintProxy$BatteryNotLowProxy"
201-->[androidx.work:work-runtime:2.5.0] AndroidManifest.xml:77:13-104
202            android:directBootAware="false"
202-->[androidx.work:work-runtime:2.5.0] AndroidManifest.xml:78:13-44
203            android:enabled="false"
203-->[androidx.work:work-runtime:2.5.0] AndroidManifest.xml:79:13-36
204            android:exported="false" >
204-->[androidx.work:work-runtime:2.5.0] AndroidManifest.xml:80:13-37
205            <intent-filter>
205-->[androidx.work:work-runtime:2.5.0] AndroidManifest.xml:82:13-85:29
206                <action android:name="android.intent.action.BATTERY_OKAY" />
206-->[androidx.work:work-runtime:2.5.0] AndroidManifest.xml:83:17-77
206-->[androidx.work:work-runtime:2.5.0] AndroidManifest.xml:83:25-74
207                <action android:name="android.intent.action.BATTERY_LOW" />
207-->[androidx.work:work-runtime:2.5.0] AndroidManifest.xml:84:17-76
207-->[androidx.work:work-runtime:2.5.0] AndroidManifest.xml:84:25-73
208            </intent-filter>
209        </receiver>
210        <receiver
210-->[androidx.work:work-runtime:2.5.0] AndroidManifest.xml:87:9-97:20
211            android:name="androidx.work.impl.background.systemalarm.ConstraintProxy$StorageNotLowProxy"
211-->[androidx.work:work-runtime:2.5.0] AndroidManifest.xml:88:13-104
212            android:directBootAware="false"
212-->[androidx.work:work-runtime:2.5.0] AndroidManifest.xml:89:13-44
213            android:enabled="false"
213-->[androidx.work:work-runtime:2.5.0] AndroidManifest.xml:90:13-36
214            android:exported="false" >
214-->[androidx.work:work-runtime:2.5.0] AndroidManifest.xml:91:13-37
215            <intent-filter>
215-->[androidx.work:work-runtime:2.5.0] AndroidManifest.xml:93:13-96:29
216                <action android:name="android.intent.action.DEVICE_STORAGE_LOW" />
216-->[androidx.work:work-runtime:2.5.0] AndroidManifest.xml:94:17-83
216-->[androidx.work:work-runtime:2.5.0] AndroidManifest.xml:94:25-80
217                <action android:name="android.intent.action.DEVICE_STORAGE_OK" />
217-->[androidx.work:work-runtime:2.5.0] AndroidManifest.xml:95:17-82
217-->[androidx.work:work-runtime:2.5.0] AndroidManifest.xml:95:25-79
218            </intent-filter>
219        </receiver>
220        <receiver
220-->[androidx.work:work-runtime:2.5.0] AndroidManifest.xml:98:9-107:20
221            android:name="androidx.work.impl.background.systemalarm.ConstraintProxy$NetworkStateProxy"
221-->[androidx.work:work-runtime:2.5.0] AndroidManifest.xml:99:13-103
222            android:directBootAware="false"
222-->[androidx.work:work-runtime:2.5.0] AndroidManifest.xml:100:13-44
223            android:enabled="false"
223-->[androidx.work:work-runtime:2.5.0] AndroidManifest.xml:101:13-36
224            android:exported="false" >
224-->[androidx.work:work-runtime:2.5.0] AndroidManifest.xml:102:13-37
225            <intent-filter>
225-->[androidx.work:work-runtime:2.5.0] AndroidManifest.xml:104:13-106:29
226                <action android:name="android.net.conn.CONNECTIVITY_CHANGE" />
226-->[androidx.work:work-runtime:2.5.0] AndroidManifest.xml:105:17-79
226-->[androidx.work:work-runtime:2.5.0] AndroidManifest.xml:105:25-76
227            </intent-filter>
228        </receiver>
229        <receiver
229-->[androidx.work:work-runtime:2.5.0] AndroidManifest.xml:108:9-119:20
230            android:name="androidx.work.impl.background.systemalarm.RescheduleReceiver"
230-->[androidx.work:work-runtime:2.5.0] AndroidManifest.xml:109:13-88
231            android:directBootAware="false"
231-->[androidx.work:work-runtime:2.5.0] AndroidManifest.xml:110:13-44
232            android:enabled="false"
232-->[androidx.work:work-runtime:2.5.0] AndroidManifest.xml:111:13-36
233            android:exported="false" >
233-->[androidx.work:work-runtime:2.5.0] AndroidManifest.xml:112:13-37
234            <intent-filter>
234-->[androidx.work:work-runtime:2.5.0] AndroidManifest.xml:114:13-118:29
235                <action android:name="android.intent.action.BOOT_COMPLETED" />
235-->[com.onesignal:OneSignal:4.6.0] AndroidManifest.xml:116:17-79
235-->[com.onesignal:OneSignal:4.6.0] AndroidManifest.xml:116:25-76
236                <action android:name="android.intent.action.TIME_SET" />
236-->[androidx.work:work-runtime:2.5.0] AndroidManifest.xml:116:17-73
236-->[androidx.work:work-runtime:2.5.0] AndroidManifest.xml:116:25-70
237                <action android:name="android.intent.action.TIMEZONE_CHANGED" />
237-->[androidx.work:work-runtime:2.5.0] AndroidManifest.xml:117:17-81
237-->[androidx.work:work-runtime:2.5.0] AndroidManifest.xml:117:25-78
238            </intent-filter>
239        </receiver>
240        <receiver
240-->[androidx.work:work-runtime:2.5.0] AndroidManifest.xml:120:9-129:20
241            android:name="androidx.work.impl.background.systemalarm.ConstraintProxyUpdateReceiver"
241-->[androidx.work:work-runtime:2.5.0] AndroidManifest.xml:121:13-99
242            android:directBootAware="false"
242-->[androidx.work:work-runtime:2.5.0] AndroidManifest.xml:122:13-44
243            android:enabled="@bool/enable_system_alarm_service_default"
243-->[androidx.work:work-runtime:2.5.0] AndroidManifest.xml:123:13-72
244            android:exported="false" >
244-->[androidx.work:work-runtime:2.5.0] AndroidManifest.xml:124:13-37
245            <intent-filter>
245-->[androidx.work:work-runtime:2.5.0] AndroidManifest.xml:126:13-128:29
246                <action android:name="androidx.work.impl.background.systemalarm.UpdateProxies" />
246-->[androidx.work:work-runtime:2.5.0] AndroidManifest.xml:127:17-98
246-->[androidx.work:work-runtime:2.5.0] AndroidManifest.xml:127:25-95
247            </intent-filter>
248        </receiver>
249        <receiver
249-->[androidx.work:work-runtime:2.5.0] AndroidManifest.xml:130:9-140:20
250            android:name="androidx.work.impl.diagnostics.DiagnosticsReceiver"
250-->[androidx.work:work-runtime:2.5.0] AndroidManifest.xml:131:13-78
251            android:directBootAware="false"
251-->[androidx.work:work-runtime:2.5.0] AndroidManifest.xml:132:13-44
252            android:enabled="true"
252-->[androidx.work:work-runtime:2.5.0] AndroidManifest.xml:133:13-35
253            android:exported="true"
253-->[androidx.work:work-runtime:2.5.0] AndroidManifest.xml:134:13-36
254            android:permission="android.permission.DUMP" >
254-->[androidx.work:work-runtime:2.5.0] AndroidManifest.xml:135:13-57
255            <intent-filter>
255-->[androidx.work:work-runtime:2.5.0] AndroidManifest.xml:137:13-139:29
256                <action android:name="androidx.work.diagnostics.REQUEST_DIAGNOSTICS" />
256-->[androidx.work:work-runtime:2.5.0] AndroidManifest.xml:138:17-88
256-->[androidx.work:work-runtime:2.5.0] AndroidManifest.xml:138:25-85
257            </intent-filter>
258        </receiver>
259
260        <service
260-->[androidx.room:room-runtime:2.2.5] AndroidManifest.xml:25:9-28:40
261            android:name="androidx.room.MultiInstanceInvalidationService"
261-->[androidx.room:room-runtime:2.2.5] AndroidManifest.xml:26:13-74
262            android:directBootAware="true"
262-->[androidx.room:room-runtime:2.2.5] AndroidManifest.xml:27:13-43
263            android:exported="false" />
263-->[androidx.room:room-runtime:2.2.5] AndroidManifest.xml:28:13-37
264
265        <receiver
265-->[com.google.firebase:firebase-messaging:22.0.0] AndroidManifest.xml:28:9-35:20
266            android:name="com.google.firebase.iid.FirebaseInstanceIdReceiver"
266-->[com.google.firebase:firebase-messaging:22.0.0] AndroidManifest.xml:29:13-78